{
  "RSpec": {
    "coverage": {
      "/Users/julesnuggy/Documents/Coding/MA/tech_test_week/bank_tech_test/spec/account_spec.rb": [
        1,
        null,
        1,
        5,
        5,
        5,
        null,
        1,
        1,
        null,
        1,
        null,
        1,
        null,
        1,
        null,
        null,
        1,
        null,
        1,
        1,
        null,
        1,
        null,
        1,
        null,
        null,
        null,
        1,
        1,
        null,
        1,
        null,
        1,
        null,
        1,
        null,
        null,
        1,
        null,
        1,
        1,
        null,
        1,
        null,
        1,
        null,
        null,
        null,
        null
      ],
      "/Users/julesnuggy/Documents/Coding/MA/tech_test_week/bank_tech_test/lib/account.rb": [
        null,
        1,
        null,
        null,
        1,
        1,
        null,
        1,
        4,
        4,
        4,
        null,
        null,
        1,
        1,
        null,
        null,
        1,
        1,
        null,
        null,
        1,
        null,
        1,
        4,
        4,
        null,
        null,
        null
      ],
      "/Users/julesnuggy/Documents/Coding/MA/tech_test_week/bank_tech_test/lib/Transaction.rb": [
        null,
        null,
        null,
        1,
        1,
        1,
        0,
        0,
        null,
        null,
        1,
        0,
        0,
        0,
        0,
        null,
        null,
        null
      ]
    },
    "timestamp": 1524584949
  }
}
