{
  "RSpec": {
    "coverage": {
      "/Users/julesnuggy/Documents/Coding/MA/tech_test_week/bank_tech_test/spec/account_spec.rb": [
        null,
        null,
        1,
        null,
        1,
        10,
        10,
        null,
        10,
        5,
        null,
        10,
        null,
        1,
        9,
        null,
        null,
        1,
        1,
        null,
        2,
        null,
        null,
        2,
        null,
        null,
        1,
        null,
        1,
        1,
        null,
        1,
        null,
        null,
        1,
        1,
        null,
        1,
        null,
        1,
        null,
        null,
        null,
        null,
        1,
        1,
        null,
        2,
        null,
        null,
        2,
        null,
        null,
        1,
        null,
        1,
        1,
        null,
        1,
        null,
        null,
        1,
        1,
        null,
        1,
        null,
        1,
        null,
        null,
        null,
        1,
        null,
        1,
        2,
        null,
        null,
        1,
        2,
        null,
        null,
        1,
        2,
        null,
        null,
        1,
        2,
        null,
        null,
        1,
        2,
        null,
        null,
        null
      ],
      "/Users/julesnuggy/Documents/Coding/MA/tech_test_week/bank_tech_test/lib/account.rb": [
        null,
        null,
        null,
        1,
        1,
        null,
        1,
        null,
        9,
        9,
        9,
        null,
        null,
        1,
        3,
        1,
        null,
        null,
        1,
        4,
        1,
        null,
        null,
        1,
        null,
        1,
        4,
        4,
        4,
        null,
        null,
        1,
        7,
        5,
        3,
        null,
        null
      ],
      "/Users/julesnuggy/Documents/Coding/MA/tech_test_week/bank_tech_test/spec/date_spec.rb": [
        null,
        null,
        1,
        null,
        1,
        2,
        2,
        null,
        1,
        1,
        1,
        null,
        null
      ],
      "/Users/julesnuggy/Documents/Coding/MA/tech_test_week/bank_tech_test/spec/statement_spec.rb": [
        null,
        null,
        1,
        null,
        1,
        3,
        2,
        3,
        null,
        1,
        1,
        2,
        null,
        null,
        1,
        1,
        null,
        null,
        null,
        null,
        null,
        null,
        null,
        1,
        1,
        1,
        null,
        null,
        null,
        null,
        null,
        null,
        null,
        null,
        null,
        null,
        null,
        null,
        null,
        1,
        null,
        null,
        null
      ],
      "/Users/julesnuggy/Documents/Coding/MA/tech_test_week/bank_tech_test/lib/statement.rb": [
        null,
        null,
        null,
        1,
        1,
        null,
        null,
        1,
        2,
        null,
        null,
        1,
        3,
        null,
        null,
        null,
        null,
        null,
        null,
        3,
        3,
        null,
        3,
        null,
        3,
        3,
        3,
        null,
        null
      ],
      "/Users/julesnuggy/Documents/Coding/MA/tech_test_week/bank_tech_test/spec/transaction_spec.rb": [
        null,
        null,
        1,
        null,
        1,
        7,
        null,
        4,
        3,
        2,
        null,
        1,
        1,
        null,
        1,
        null,
        1,
        null,
        null,
        1,
        null,
        1,
        null,
        1,
        null,
        null,
        1,
        null,
        1,
        null,
        null,
        1,
        null,
        null,
        null,
        1,
        1,
        null,
        1,
        null,
        1,
        null,
        null,
        1,
        null,
        1,
        null,
        1,
        null,
        null,
        null,
        1,
        null,
        1,
        1,
        null,
        null,
        null,
        null,
        null,
        null,
        null,
        1,
        null,
        1,
        null,
        1,
        null,
        1,
        null,
        null,
        null,
        null,
        null,
        null,
        null,
        null
      ],
      "/Users/julesnuggy/Documents/Coding/MA/tech_test_week/bank_tech_test/lib/transaction.rb": [
        null,
        null,
        null,
        1,
        1,
        null,
        null,
        1,
        6,
        6,
        6,
        6,
        6,
        null,
        null,
        null,
        1,
        6,
        6,
        4,
        2,
        2,
        null,
        null,
        null,
        1,
        1,
        null,
        null
      ]
    },
    "timestamp": 1524660885
  }
}
